::1 - - [09/Jul/2018:07:28:12 +0000] "GET / HTTP/1.1" 304 - "-" "Mozilla/5.0 (Windows NT 10.0; Win64; x64; rv:61.0) Gecko/20100101 Firefox/61.0"
::1 - - [09/Jul/2018:07:39:35 +0000] "GET / HTTP/1.1" 200 52 "-" "Mozilla/5.0 (Windows NT 10.0; Win64; x64; rv:61.0) Gecko/20100101 Firefox/61.0"
::1 - - [09/Jul/2018:07:39:38 +0000] "GET /api/test HTTP/1.1" 200 1621 "-" "Mozilla/5.0 (Windows NT 10.0; Win64; x64; rv:61.0) Gecko/20100101 Firefox/61.0"
::1 - - [09/Jul/2018:09:20:13 +0000] "GET /api/interface/print HTTP/1.1" 200 2168 "-" "Mozilla/5.0 (Windows NT 10.0; Win64; x64; rv:61.0) Gecko/20100101 Firefox/61.0"
::1 - - [09/Jul/2018:09:20:14 +0000] "GET /api/interface/print HTTP/1.1" 200 2168 "-" "Mozilla/5.0 (Windows NT 10.0; Win64; x64; rv:61.0) Gecko/20100101 Firefox/61.0"
::1 - - [09/Jul/2018:09:20:15 +0000] "GET /api/interface/print HTTP/1.1" 200 2168 "-" "Mozilla/5.0 (Windows NT 10.0; Win64; x64; rv:61.0) Gecko/20100101 Firefox/61.0"
::1 - - [09/Jul/2018:09:20:15 +0000] "GET /api/interface/print HTTP/1.1" 200 2168 "-" "Mozilla/5.0 (Windows NT 10.0; Win64; x64; rv:61.0) Gecko/20100101 Firefox/61.0"
::1 - - [09/Jul/2018:09:20:18 +0000] "GET /api/interface/print HTTP/1.1" 200 2168 "-" "Mozilla/5.0 (Windows NT 10.0; Win64; x64; rv:61.0) Gecko/20100101 Firefox/61.0"
::1 - - [09/Jul/2018:09:20:18 +0000] "GET /api/interface/print HTTP/1.1" 200 2168 "-" "Mozilla/5.0 (Windows NT 10.0; Win64; x64; rv:61.0) Gecko/20100101 Firefox/61.0"
::1 - - [09/Jul/2018:09:20:19 +0000] "GET /api/interface/print HTTP/1.1" 200 2168 "-" "Mozilla/5.0 (Windows NT 10.0; Win64; x64; rv:61.0) Gecko/20100101 Firefox/61.0"
::1 - - [09/Jul/2018:09:20:19 +0000] "GET /api/interface/print HTTP/1.1" 200 2168 "-" "Mozilla/5.0 (Windows NT 10.0; Win64; x64; rv:61.0) Gecko/20100101 Firefox/61.0"
::1 - - [09/Jul/2018:09:20:20 +0000] "GET /api/interface/print HTTP/1.1" 200 2168 "-" "Mozilla/5.0 (Windows NT 10.0; Win64; x64; rv:61.0) Gecko/20100101 Firefox/61.0"
::1 - - [09/Jul/2018:09:20:21 +0000] "GET /api/interface/print HTTP/1.1" 200 2168 "-" "Mozilla/5.0 (Windows NT 10.0; Win64; x64; rv:61.0) Gecko/20100101 Firefox/61.0"
::1 - - [09/Jul/2018:09:20:21 +0000] "GET /api/interface/print HTTP/1.1" 200 2168 "-" "Mozilla/5.0 (Windows NT 10.0; Win64; x64; rv:61.0) Gecko/20100101 Firefox/61.0"
::1 - - [09/Jul/2018:09:23:46 +0000] "GET /api/interface/print HTTP/1.1" - - "-" "Mozilla/5.0 (Windows NT 10.0; Win64; x64; rv:61.0) Gecko/20100101 Firefox/61.0"
::1 - - [09/Jul/2018:09:23:48 +0000] "GET / HTTP/1.1" 200 52 "-" "Mozilla/5.0 (Windows NT 10.0; Win64; x64; rv:61.0) Gecko/20100101 Firefox/61.0"
::1 - - [09/Jul/2018:09:24:04 +0000] "GET /api/interface/print HTTP/1.1" - - "-" "Mozilla/5.0 (Windows NT 10.0; Win64; x64; rv:61.0) Gecko/20100101 Firefox/61.0"
::1 - - [09/Jul/2018:09:24:06 +0000] "GET /api/interface/stats HTTP/1.1" 200 27 "-" "Mozilla/5.0 (Windows NT 10.0; Win64; x64; rv:61.0) Gecko/20100101 Firefox/61.0"
::1 - - [09/Jul/2018:09:24:07 +0000] "GET /api/interface/stats HTTP/1.1" 200 27 "-" "Mozilla/5.0 (Windows NT 10.0; Win64; x64; rv:61.0) Gecko/20100101 Firefox/61.0"
::1 - - [09/Jul/2018:09:24:18 +0000] "GET /api/interface/stats HTTP/1.1" 304 - "-" "Mozilla/5.0 (Windows NT 10.0; Win64; x64; rv:61.0) Gecko/20100101 Firefox/61.0"
::1 - - [09/Jul/2018:11:23:45 +0000] "GET /api/interface/stats HTTP/1.1" - - "-" "Mozilla/5.0 (Windows NT 10.0; Win64; x64; rv:61.0) Gecko/20100101 Firefox/61.0"
::1 - - [09/Jul/2018:11:28:13 +0000] "GET /api/interface/print HTTP/1.1" 200 2170 "-" "Mozilla/5.0 (Windows NT 10.0; Win64; x64; rv:61.0) Gecko/20100101 Firefox/61.0"
::1 - - [09/Jul/2018:11:29:28 +0000] "GET /api/interface/stats HTTP/1.1" - - "-" "Mozilla/5.0 (Windows NT 10.0; Win64; x64; rv:61.0) Gecko/20100101 Firefox/61.0"
::1 - - [09/Jul/2018:11:30:07 +0000] "GET /api/interface/print HTTP/1.1" 200 2170 "-" "Mozilla/5.0 (Windows NT 10.0; Win64; x64; rv:61.0) Gecko/20100101 Firefox/61.0"
::1 - - [09/Jul/2018:11:35:31 +0000] "GET /api/interface/print HTTP/1.1" 200 27 "-" "Mozilla/5.0 (Windows NT 10.0; Win64; x64; rv:61.0) Gecko/20100101 Firefox/61.0"
::1 - - [09/Jul/2018:11:35:35 +0000] "GET /api/interface/print HTTP/1.1" 304 - "-" "Mozilla/5.0 (Windows NT 10.0; Win64; x64; rv:61.0) Gecko/20100101 Firefox/61.0"
::1 - - [09/Jul/2018:11:36:13 +0000] "GET /api/interface/print HTTP/1.1" 304 - "-" "Mozilla/5.0 (Windows NT 10.0; Win64; x64; rv:61.0) Gecko/20100101 Firefox/61.0"
::ffff:127.0.0.1 - - [09/Jul/2018:11:36:53 +0000] "GET /api/interface/print HTTP/1.1" 304 - "-" "Mozilla/5.0 (Windows NT 10.0; Win64; x64; rv:61.0) Gecko/20100101 Firefox/61.0"
::1 - - [09/Jul/2018:11:41:44 +0000] "GET /api/interface/print HTTP/1.1" - - "-" "Mozilla/5.0 (Windows NT 10.0; Win64; x64; rv:61.0) Gecko/20100101 Firefox/61.0"
::1 - - [09/Jul/2018:11:42:33 +0000] "GET /api/interface/print HTTP/1.1" 200 - "-" "Mozilla/5.0 (Windows NT 10.0; Win64; x64; rv:61.0) Gecko/20100101 Firefox/61.0"
::1 - - [09/Jul/2018:11:43:06 +0000] "GET /api/interface/print HTTP/1.1" 200 - "-" "Mozilla/5.0 (Windows NT 10.0; Win64; x64; rv:61.0) Gecko/20100101 Firefox/61.0"
::ffff:127.0.0.1 - - [09/Jul/2018:11:43:26 +0000] "GET /api/interface/print HTTP/1.1" 200 - "-" "Mozilla/5.0 (Windows NT 10.0; Win64; x64; rv:61.0) Gecko/20100101 Firefox/61.0"
::ffff:127.0.0.1 - - [09/Jul/2018:11:44:00 +0000] "GET /api/interface/print HTTP/1.1" - - "-" "Mozilla/5.0 (Windows NT 10.0; Win64; x64; rv:61.0) Gecko/20100101 Firefox/61.0"
::1 - - [09/Jul/2018:11:44:27 +0000] "GET /api/interface/print HTTP/1.1" 200 - "-" "Mozilla/5.0 (Windows NT 10.0; Win64; x64; rv:61.0) Gecko/20100101 Firefox/61.0"
::1 - - [09/Jul/2018:11:45:01 +0000] "GET /api/interface/print HTTP/1.1" 200 - "-" "Mozilla/5.0 (Windows NT 10.0; Win64; x64; rv:61.0) Gecko/20100101 Firefox/61.0"
::1 - - [09/Jul/2018:11:45:18 +0000] "GET /api/interface/print HTTP/1.1" 200 506 "-" "Mozilla/5.0 (Windows NT 10.0; Win64; x64; rv:61.0) Gecko/20100101 Firefox/61.0"
::1 - - [09/Jul/2018:11:45:37 +0000] "GET /api/interface/print HTTP/1.1" 200 506 "-" "Mozilla/5.0 (Windows NT 10.0; Win64; x64; rv:61.0) Gecko/20100101 Firefox/61.0"
::1 - - [09/Jul/2018:11:45:42 +0000] "GET /api/interface/print HTTP/1.1" 200 506 "-" "Mozilla/5.0 (Windows NT 10.0; Win64; x64; rv:61.0) Gecko/20100101 Firefox/61.0"
::1 - - [09/Jul/2018:11:45:51 +0000] "GET /api/interface/print HTTP/1.1" 200 506 "-" "Mozilla/5.0 (Windows NT 10.0; Win64; x64; rv:61.0) Gecko/20100101 Firefox/61.0"
::1 - - [09/Jul/2018:11:50:11 +0000] "GET /api/interface/print HTTP/1.1" 200 1988 "-" "Mozilla/5.0 (Windows NT 10.0; Win64; x64; rv:61.0) Gecko/20100101 Firefox/61.0"
::1 - - [09/Jul/2018:11:52:10 +0000] "GET /api/interface/print HTTP/1.1" 200 1988 "-" "Mozilla/5.0 (Windows NT 10.0; Win64; x64; rv:61.0) Gecko/20100101 Firefox/61.0"
::1 - - [09/Jul/2018:11:52:14 +0000] "GET /api/interface/ether1/print HTTP/1.1" 200 52 "-" "Mozilla/5.0 (Windows NT 10.0; Win64; x64; rv:61.0) Gecko/20100101 Firefox/61.0"
::1 - - [09/Jul/2018:11:52:44 +0000] "GET /api/interface/ether1/print HTTP/1.1" 200 52 "-" "Mozilla/5.0 (Windows NT 10.0; Win64; x64; rv:61.0) Gecko/20100101 Firefox/61.0"
::1 - - [09/Jul/2018:11:52:45 +0000] "GET /api/interface/ether1/print HTTP/1.1" 200 52 "-" "Mozilla/5.0 (Windows NT 10.0; Win64; x64; rv:61.0) Gecko/20100101 Firefox/61.0"
::1 - - [09/Jul/2018:11:54:04 +0000] "GET /api/interface/print HTTP/1.1" 200 1988 "-" "Mozilla/5.0 (Windows NT 10.0; Win64; x64; rv:61.0) Gecko/20100101 Firefox/61.0"
